<?xml version="1.0" encoding="UTF-8"?>
<testng-results ignored="0" total="1" passed="1" failed="0" skipped="0">
  <reporter-output>
    <line>
      <![CDATA[]]>
    </line>
    <line>
      <![CDATA[>>>>> Executing DemoTest <<<<<]]>
    </line>
    <line>
      <![CDATA[]]>
    </line>
    <line>
      <![CDATA[Running test in Google]]>
    </line>
    <line>
      <![CDATA[Opened https://invene.com/]]>
    </line>
    <line>
      <![CDATA[The text Healthcare Product Development is present in the web element.]]>
    </line>
    <line>
      <![CDATA[Hyperlink clicked]]>
    </line>
    <line>
      <![CDATA[]]>
    </line>
    <line>
      <![CDATA[>>>>> Terminating DemoTest <<<<<]]>
    </line>
    <line>
      <![CDATA[]]>
    </line>
  </reporter-output>
  <suite started-at="2023-11-05T17:01:48 PST" name="Suite" finished-at="2023-11-05T17:01:58 PST" duration-ms="10118">
    <groups>
    </groups>
    <test started-at="2023-11-05T17:01:48 PST" name="Test" finished-at="2023-11-05T17:01:58 PST" duration-ms="10118">
      <class name="test.DemoTest">
        <test-method signature="TC1()[pri:0, instance:test.DemoTest@27462a88]" started-at="2023-11-05T17:01:48 PST" name="TC1" finished-at="2023-11-05T17:01:58 PST" duration-ms="9931" status="PASS">
          <reporter-output>
            <line>
              <![CDATA[]]>
            </line>
            <line>
              <![CDATA[>>>>> Executing DemoTest <<<<<]]>
            </line>
            <line>
              <![CDATA[]]>
            </line>
            <line>
              <![CDATA[Running test in Google]]>
            </line>
            <line>
              <![CDATA[Opened https://invene.com/]]>
            </line>
            <line>
              <![CDATA[The text Healthcare Product Development is present in the web element.]]>
            </line>
            <line>
              <![CDATA[Hyperlink clicked]]>
            </line>
          </reporter-output>
        </test-method> <!-- TC1 -->
        <test-method is-config="true" signature="endTest()[pri:0, instance:test.DemoTest@27462a88]" started-at="2023-11-05T17:01:58 PST" name="endTest" finished-at="2023-11-05T17:01:58 PST" duration-ms="135" status="PASS">
          <reporter-output>
            <line>
              <![CDATA[]]>
            </line>
            <line>
              <![CDATA[>>>>> Terminating DemoTest <<<<<]]>
            </line>
            <line>
              <![CDATA[]]>
            </line>
          </reporter-output>
        </test-method> <!-- endTest -->
      </class> <!-- test.DemoTest -->
    </test> <!-- Test -->
  </suite> <!-- Suite -->
</testng-results>
